[2026-03-18 15:07:47] [INFO] [mercadopago] Creating charge {"method":"boleto","amount":20}
[2026-03-18 15:07:48] [ERROR] [mercadopago] Charge creation failed {"status":400,"body":"{\"message\":\"The following parameters must be valid date and format (yyyy-MM-dd'T'HH:mm:ssz): date_of_expiration\",\"error\":\"bad_request\",\"status\":400,\"cause\":[{\"code\":23,\"description\":\"\",\"data\":\"18-03-2026T14:07:48UTC;b0be741e-6e2c-49b9-908b-e9ed727ae73d\"}]}"}
[2026-03-18 15:07:52] [INFO] [mercadopago] Creating charge {"method":"pix","amount":20}
[2026-03-18 15:07:53] [ERROR] [mercadopago] Charge creation failed {"status":400,"body":"{\"cause\":[{\"code\":23,\"data\":\"18-03-2026T14:07:53UTC;3a87ad31-6787-4d3e-a0a4-ba2aa1c7b804\",\"description\":\"\"}],\"error\":\"bad_request\",\"message\":\"The following parameters must be valid date and format (yyyy-MM-dd'T'HH:mm:ssz): date_of_expiration\",\"status\":400}"}
[2026-03-18 15:07:56] [INFO] [mercadopago] Creating charge {"method":"credit_card","amount":20}
[2026-03-18 15:07:57] [ERROR] [mercadopago] Charge creation failed {"status":400,"body":"{\"message\":\"notificaction_url attribute must be url valid\",\"error\":\"bad_request\",\"status\":400,\"cause\":[{\"code\":4020,\"description\":\"notificaction_url attribute must be url valid\",\"data\":\"18-03-2026T14:07:57UTC;27e747dc-1ad0-472e-ac1a-8cffaa06e68d\"}]}"}
[2026-03-18 15:10:38] [INFO] [mercadopago] Creating charge {"method":"pix","amount":20}
[2026-03-18 15:10:39] [ERROR] [mercadopago] Charge creation failed {"status":400,"body":"{\"cause\":[{\"code\":23,\"data\":\"18-03-2026T14:10:39UTC;83bb69d8-4b42-4a14-9126-8f46bbafc599\",\"description\":\"\"}],\"error\":\"bad_request\",\"message\":\"The following parameters must be valid date and format (yyyy-MM-dd'T'HH:mm:ssz): date_of_expiration\",\"status\":400}"}
[2026-03-18 15:14:03] [INFO] [mercadopago] Creating charge {"method":"pix","amount":20}
[2026-03-18 15:14:03] [ERROR] [mercadopago] Charge creation failed {"status":400,"body":"{\"cause\":[{\"code\":23,\"data\":\"18-03-2026T14:14:03UTC;62480f3f-e153-439d-b5a3-41aa0da85258\",\"description\":\"\"}],\"error\":\"bad_request\",\"message\":\"The following parameters must be valid date and format (yyyy-MM-dd'T'HH:mm:ssz): date_of_expiration\",\"status\":400}"}
[2026-03-18 15:14:13] [INFO] [mercadopago] Creating charge {"method":"credit_card","amount":20}
[2026-03-18 15:14:13] [ERROR] [mercadopago] Charge creation failed {"status":400,"body":"{\"message\":\"notificaction_url attribute must be url valid\",\"error\":\"bad_request\",\"status\":400,\"cause\":[{\"code\":4020,\"description\":\"notificaction_url attribute must be url valid\",\"data\":\"18-03-2026T14:14:13UTC;cf5ff52d-d95d-4412-b1ac-7b6f38fbd0ab\"}]}"}
[2026-03-18 15:17:42] [INFO] [stripe] Creating PaymentIntent {"method":"pix","amount":20}
[2026-03-18 15:17:43] [ERROR] [stripe] PaymentIntent creation failed {"status":400,"body":"{\n  \"error\": {\n    \"code\": \"payment_intent_invalid_parameter\",\n    \"doc_url\": \"https:\/\/stripe.com\/docs\/error-codes\/payment-intent-invalid-parameter\",\n    \"message\": \"The payment method type \\\"pix\\\" is invalid. Please ensure the provided type is activated in your dashboard (https:\/\/dashboard.stripe.com\/account\/payments\/settings) and your account is enabled for any preview features that you are trying to use.\",\n    \"param\": \"payment_method_types\",\n    \"request_log_url\": \"https:\/\/dashboard.stripe.com\/acct_1TCKAyLhQx4PUSDE\/test\/workbench\/logs?object=req_yHWeoJ57DDhFEf\",\n    \"type\": \"invalid_request_error\"\n  }\n}\n"}
[2026-03-18 15:17:47] [INFO] [mercadopago] Creating charge {"method":"pix","amount":20}
[2026-03-18 15:17:48] [ERROR] [mercadopago] Charge creation failed {"status":400,"body":"{\"cause\":[{\"code\":4020,\"data\":\"18-03-2026T14:17:47UTC;070ac889-b312-443c-836f-aa1f8753b0ce\",\"description\":\"notificaction_url attribute must be url valid\"}],\"error\":\"bad_request\",\"message\":\"notificaction_url attribute must be url valid\",\"status\":400}"}
[2026-03-18 15:22:49] [INFO] [stripe] Creating PaymentIntent {"method":"pix","amount":20}
[2026-03-18 15:22:49] [ERROR] [stripe] PaymentIntent creation failed {"status":400,"body":"{\n  \"error\": {\n    \"code\": \"payment_intent_invalid_parameter\",\n    \"doc_url\": \"https:\/\/stripe.com\/docs\/error-codes\/payment-intent-invalid-parameter\",\n    \"message\": \"The payment method type \\\"pix\\\" is invalid. Please ensure the provided type is activated in your dashboard (https:\/\/dashboard.stripe.com\/account\/payments\/settings) and your account is enabled for any preview features that you are trying to use.\",\n    \"param\": \"payment_method_types\",\n    \"request_log_url\": \"https:\/\/dashboard.stripe.com\/acct_1TCKAyLhQx4PUSDE\/test\/workbench\/logs?object=req_4XGlpMOXF9uoD7\",\n    \"type\": \"invalid_request_error\"\n  }\n}\n"}
[2026-03-18 15:22:58] [INFO] [stripe] Creating PaymentIntent {"method":"credit_card","amount":20}
[2026-03-18 15:23:08] [INFO] [stripe] Creating PaymentIntent {"method":"boleto","amount":20}
[2026-03-18 15:23:13] [INFO] [mercadopago] Creating charge {"method":"boleto","amount":20}
[2026-03-18 15:23:13] [ERROR] [mercadopago] Charge creation failed {"status":400,"body":"{\"message\":\"notificaction_url attribute must be url valid\",\"error\":\"bad_request\",\"status\":400,\"cause\":[{\"code\":4020,\"description\":\"notificaction_url attribute must be url valid\",\"data\":\"18-03-2026T14:23:13UTC;c5ddfefb-31ba-422d-b329-f0ddf819d4a2\"}]}"}
[2026-03-18 15:23:20] [INFO] [mercadopago] Creating charge {"method":"credit_card","amount":20}
[2026-03-18 15:23:21] [ERROR] [mercadopago] Charge creation failed {"status":400,"body":"{\"message\":\"notificaction_url attribute must be url valid\",\"error\":\"bad_request\",\"status\":400,\"cause\":[{\"code\":4020,\"description\":\"notificaction_url attribute must be url valid\",\"data\":\"18-03-2026T14:23:21UTC;ccc8acc1-db1e-4bf0-8ef5-25e057af517c\"}]}"}
[2026-03-18 15:23:25] [INFO] [mercadopago] Creating charge {"method":"pix","amount":20}
[2026-03-18 15:23:26] [ERROR] [mercadopago] Charge creation failed {"status":400,"body":"{\"cause\":[{\"code\":4020,\"data\":\"18-03-2026T14:23:26UTC;d6fd61ec-bd5f-4a0f-81d9-f50e3438bfc0\",\"description\":\"notificaction_url attribute must be url valid\"}],\"error\":\"bad_request\",\"message\":\"notificaction_url attribute must be url valid\",\"status\":400}"}
[2026-03-18 15:23:35] [INFO] [stripe] Creating PaymentIntent {"method":"boleto","amount":20}
[2026-03-18 15:28:15] [INFO] [mercadopago] Creating charge {"method":"boleto","amount":20}
[2026-03-18 15:28:16] [ERROR] [mercadopago] Charge creation failed {"status":400,"body":"{\"message\":\"notificaction_url attribute must be url valid\",\"error\":\"bad_request\",\"status\":400,\"cause\":[{\"code\":4020,\"description\":\"notificaction_url attribute must be url valid\",\"data\":\"18-03-2026T14:28:16UTC;e783f8ef-6974-41c1-a152-d98e9238ec06\"}]}"}
[2026-03-18 17:40:31] [INFO] [mercadopago] Creating charge {"method":"pix","amount":20}
[2026-03-18 17:40:32] [ERROR] [mercadopago] Charge creation failed {"status":400,"body":"{\"cause\":[{\"code\":4020,\"data\":\"18-03-2026T16:40:32UTC;bac37641-f323-4999-abd4-021f9297e07f\",\"description\":\"notificaction_url attribute must be url valid\"}],\"error\":\"bad_request\",\"message\":\"notificaction_url attribute must be url valid\",\"status\":400}"}
[2026-03-18 17:41:43] [INFO] [stripe] Creating PaymentIntent {"method":"pix","amount":20}
[2026-03-18 17:41:44] [ERROR] [stripe] PaymentIntent creation failed {"status":400,"body":"{\n  \"error\": {\n    \"code\": \"payment_intent_invalid_parameter\",\n    \"doc_url\": \"https:\/\/stripe.com\/docs\/error-codes\/payment-intent-invalid-parameter\",\n    \"message\": \"The payment method type \\\"pix\\\" is invalid. Please ensure the provided type is activated in your dashboard (https:\/\/dashboard.stripe.com\/account\/payments\/settings) and your account is enabled for any preview features that you are trying to use.\",\n    \"param\": \"payment_method_types\",\n    \"request_log_url\": \"https:\/\/dashboard.stripe.com\/acct_1TCKAyLhQx4PUSDE\/test\/workbench\/logs?object=req_tXBwiZzjCIxGSG\",\n    \"type\": \"invalid_request_error\"\n  }\n}\n"}
[2026-03-18 17:41:56] [INFO] [stripe] Creating PaymentIntent {"method":"credit_card","amount":20}
[2026-03-18 17:42:03] [INFO] [stripe] Creating PaymentIntent {"method":"debit_card","amount":20}
[2026-03-18 17:42:12] [INFO] [mercadopago] Creating charge {"method":"pix","amount":20}
[2026-03-18 17:42:13] [ERROR] [mercadopago] Charge creation failed {"status":400,"body":"{\"cause\":[{\"code\":4020,\"data\":\"18-03-2026T16:42:13UTC;3de33757-e3ce-46cf-9e19-ba2282c3ecff\",\"description\":\"notificaction_url attribute must be url valid\"}],\"error\":\"bad_request\",\"message\":\"notificaction_url attribute must be url valid\",\"status\":400}"}
[2026-03-18 17:42:18] [INFO] [mercadopago] Creating charge {"method":"credit_card","amount":20}
[2026-03-18 17:42:19] [ERROR] [mercadopago] Charge creation failed {"status":400,"body":"{\"message\":\"notificaction_url attribute must be url valid\",\"error\":\"bad_request\",\"status\":400,\"cause\":[{\"code\":4020,\"description\":\"notificaction_url attribute must be url valid\",\"data\":\"18-03-2026T16:42:19UTC;e361599e-a499-4103-90fc-19975baf1b8a\"}]}"}
[2026-03-18 17:46:26] [INFO] [stripe] Creating PaymentIntent {"method":"debit_card","amount":20}
[2026-03-18 18:23:42] [INFO] [mercadopago] Creating checkout preference {"method":"pix","amount":20}
[2026-03-18 18:24:05] [INFO] [mercadopago] Creating checkout preference {"method":"credit_card","amount":20}
[2026-03-18 18:26:07] [INFO] [mercadopago] Creating checkout preference {"method":"debit_card","amount":20}
[2026-03-18 18:26:36] [INFO] [mercadopago] Creating checkout preference {"method":"boleto","amount":20}
[2026-03-18 18:27:30] [INFO] [stripe] Creating Checkout Session {"method":"credit_card","amount":20}
[2026-03-18 18:27:50] [INFO] [stripe] Creating Checkout Session {"method":"debit_card","amount":20}
[2026-03-18 18:28:06] [INFO] [stripe] Creating Checkout Session {"method":"pix","amount":20}
[2026-03-18 18:28:06] [ERROR] [stripe] Checkout Session creation failed {"status":400,"body":"{\n  \"error\": {\n    \"message\": \"The payment method type provided: pix is invalid. Please ensure the provided type is activated in your dashboard (https:\/\/dashboard.stripe.com\/account\/payments\/settings) and your account is enabled for any preview features that you are trying to use. See https:\/\/stripe.com\/docs\/payments\/payment-methods\/integration-options for supported payment method, currency, and country combinations.\",\n    \"param\": \"payment_method_types\",\n    \"request_log_url\": \"https:\/\/dashboard.stripe.com\/acct_1TCKAyLhQx4PUSDE\/test\/workbench\/logs?object=req_buDxvglVMEpeyu\",\n    \"type\": \"invalid_request_error\"\n  }\n}\n"}
[2026-03-18 18:28:11] [INFO] [stripe] Creating Checkout Session {"method":"boleto","amount":20}
[2026-03-18 19:38:04] [INFO] [mercadopago] Creating checkout preference {"method":"auto","amount":20}
[2026-03-18 19:38:41] [INFO] [stripe] Creating Checkout Session {"method":"auto","amount":20}
